Arguments: 
  C:\Program Files\nodejs\node.exe C:\Program Files (x86)\Yarn\bin\yarn.js add coreui-chartjs

PATH: 
  C:\Program Files (x86)\Common Files\Intel\Shared Files\cpp\bin\Intel64;C:\Program Files (x86)\Common Files\Oracle\Java\javapath;C:\Program Files (x86)\Common Files\Intel\Shared Libraries\redist\intel64\compiler;C:\WINDOWS\system32;C:\WINDOWS;C:\WINDOWS\System32\Wbem;C:\WINDOWS\System32\WindowsPowerShell\v1.0\;C:\WINDOWS\System32\OpenSSH\;C:\ProgramData\chocolatey\bin;C:\Program Files\nodejs\;C:\Program Files\Java\jdk1.8.0_221\bin;C:\Program Files (x86)\Yarn\bin\;C:\Program Files\PuTTY\;C:\wamp64\bin\php\php7.2.14;D:\wamp64\bin\php\php7.4.0;C:\Program Files (x86)\NVIDIA Corporation\PhysX\Common;C:\Program Files\NVIDIA Corporation\NVIDIA NvDLISR;C:\Program Files\Git\cmd;C:\ProgramData\ComposerSetup\bin;C:\Users\Agência KLS\AppData\Local\Microsoft\WindowsApps;C:\Users\Agência KLS\AppData\Local\Programs\Microsoft VS Code\bin;C:\Users\Agência KLS\AppData\Roaming\npm;C:\Users\Agência KLS\AppData\Local\Yarn\bin;C:\tools\dart-sdk\bin;C:\Users\Agência KLS\AppData\Roaming\Pub\Cache\bin;C:\Users\Agência KLS\AppData\Roaming\Composer\vendor\bin

Yarn version: 
  1.19.2

Node version: 
  13.0.1

Platform: 
  win32 x64

Trace: 
  Error: https://registry.yarnpkg.com/coreui-chartjs: Not found
      at Request.params.callback [as _callback] (C:\Program Files (x86)\Yarn\lib\cli.js:66036:18)
      at Request.self.callback (C:\Program Files (x86)\Yarn\lib\cli.js:140586:22)
      at Request.emit (events.js:210:5)
      at Request.<anonymous> (C:\Program Files (x86)\Yarn\lib\cli.js:141558:10)
      at Request.emit (events.js:210:5)
      at IncomingMessage.<anonymous> (C:\Program Files (x86)\Yarn\lib\cli.js:141480:12)
      at Object.onceWrapper (events.js:299:28)
      at IncomingMessage.emit (events.js:215:7)
      at endReadableNT (_stream_readable.js:1198:12)
      at processTicksAndRejections (internal/process/task_queues.js:80:21)

npm manifest: 
  {
    "dependencies": {
      "@coreui/coreui": "^3.4.0",
      "bootstrap": "^4.6.0",
      "chartjs": "^0.3.24"
    }
  }

yarn manifest: 
  No manifest

Lockfile: 
  # THIS IS AN AUTOGENERATED FILE. DO NOT EDIT THIS FILE DIRECTLY.
  # yarn lockfile v1
  
  
  "@coreui/coreui@^3.4.0":
    version "3.4.0"
    resolved "https://registry.yarnpkg.com/@coreui/coreui/-/coreui-3.4.0.tgz#3e3627a1f48a00f6289204a23f71eaa6ea94e370"
    integrity sha512-WqzockdWVkXUNmNwlqdu+AxM+9JoiWGe4rKaySu/dZme1NvVOn2ukjJlpTkssal8UKcSHyitzNixtkMCmUxE1A==
  
  bootstrap@^4.6.0:
    version "4.6.0"
    resolved "https://registry.yarnpkg.com/bootstrap/-/bootstrap-4.6.0.tgz#97b9f29ac98f98dfa43bf7468262d84392552fd7"
    integrity sha512-Io55IuQY3kydzHtbGvQya3H+KorS/M9rSNyfCGCg9WZ4pyT/lCxIlpJgG1GXW/PswzC84Tr2fBYi+7+jFVQQBw==
  
  chartjs@^0.3.24:
    version "0.3.24"
    resolved "https://registry.yarnpkg.com/chartjs/-/chartjs-0.3.24.tgz#3addeb5ae3606b3e89e346c27d52ca158416e93d"
    integrity sha1-Ot3rWuNgaz6J40bCfVLKFYQW6T0=
